Array
(
)
Array
(
)
Array
(
    [id] => undefined
)
Array
(
    [id] => undefined
)
Array
(
    [id] => undefined
)
Array
(
    [id] => undefined
)
Array
(
    [id] => undefined
)
Array
(
    [id] => undefined
)
Array
(
    [id] => undefined
)
Array
(
    [id] => undefined
)
Array
(
    [id] => undefined
)
Array
(
    [id] => undefined
)
Array
(
    [id] => undefined
)
Incoming savePrompt.php data: Array
(
    [name] => 123
    [html] => 123
    [css] => 
    [js] => 
    [user_id] => 1
)
Incoming savePrompt.php data: Array
(
    [name] => 123
    [html] => 123
    [css] => 
    [js] => 
    [user_id] => 1
)
Incoming savePrompt.php data: Array
(
    [name] => 123
    [html] => 123
    [css] => 
    [js] => 
    [user_id] => 1
)
Incoming savePrompt.php data: Array
(
    [name] => 123
    [html] => 123
    [css] => 
    [js] => 
    [user_id] => 1
)
Incoming savePrompt.php data: Array
(
    [name] => 123
    [html] => 123
    [css] => 
    [js] => 
    [user_id] => 1
)
Incoming savePrompt.php data: Array
(
    [name] => 123
    [html] => 1223
    [css] => 
    [js] => 
    [user_id] => 1
)
